<?xml version="1.0" encoding="UTF-8"?>
<robot generator="Robot 5.0.1 (Python 3.10.5 on win32)" generated="20220824 15:08:49.557" rpa="false" schemaversion="3">
<suite id="s1" name="Test" source="C:\Users\matti-esko.pelkola\OneDrive - Accenture\Desktop\Test_app\Test_assignment\Tests\Test.robot">
<test id="s1-t1" name="Perform API POST request" line="9">
<kw name="Connect to POST API" library="GetRequest">
<kw name="Create Session" library="RequestsLibrary">
<arg>my_session</arg>
<arg>${HOST}</arg>
<doc>Create Session: create a HTTP session to a server</doc>
<msg timestamp="20220824 15:08:49.807" level="INFO">Creating Session using : alias=my_session, url=https://api.trello.com/1/cards/, headers={},                     cookies={}, auth=None, timeout=None, proxies=None, verify=False,                     debug=0 </msg>
<status status="PASS" starttime="20220824 15:08:49.807" endtime="20220824 15:08:49.807"/>
</kw>
<kw name="POST On Session" library="RequestsLibrary">
<var>${response}</var>
<arg>my_session</arg>
<arg>${POST}</arg>
<arg>${HEADERS}</arg>
<doc>Sends a POST request on a previously created HTTP Session.</doc>
<msg timestamp="20220824 15:08:50.334" level="INFO">POST Request : url=https://api.trello.com/1/cards/?idList=62fe11e1745ae4313c883dcc&amp;key=3811a2a5a39fe31676e2c56e24fa7cb7&amp;token=b850222ef62af0713952a88ae9bec671b8b8b3d74dac3e22ed765d9d51083841 
 path_url=/1/cards/?idList=62fe11e1745ae4313c883dcc&amp;key=3811a2a5a39fe31676e2c56e24fa7cb7&amp;token=b850222ef62af0713952a88ae9bec671b8b8b3d74dac3e22ed765d9d51083841 
 headers={'User-Agent': 'python-requests/2.28.1', 'Accept-Encoding': 'gzip, deflate', 'Accept': '*/*', 'Connection': 'keep-alive', 'Content-Length': '55'} 
 body=Create Dictionary Accept=application/json charset=utf-8 
 </msg>
<msg timestamp="20220824 15:08:50.334" level="INFO">POST Response : url=https://api.trello.com/1/cards/?idList=62fe11e1745ae4313c883dcc&amp;key=3811a2a5a39fe31676e2c56e24fa7cb7&amp;token=b850222ef62af0713952a88ae9bec671b8b8b3d74dac3e22ed765d9d51083841 
 status=200, reason=OK 
 headers={'Date': 'Wed, 24 Aug 2022 13:08:50 GMT', 'Content-Type': 'application/json; charset=utf-8', 'Content-Length': '1105', 'X-Dns-Prefetch-Control': 'off', 'X-Frame-Options': 'DENY', 'X-Download-Options': 'noopen', 'X-Permitted-Cross-Domain-Policies': 'none', 'Referrer-Policy': 'strict-origin-when-cross-origin', 'Surrogate-Control': 'no-store', 'Cache-Control': 'max-age=0, must-revalidate, no-cache, no-store', 'Pragma': 'no-cache', 'Expires': 'Thu, 01 Jan 1970 00:00:00', 'X-Trello-Version': '1.150589.0', 'X-Trello-Environment': 'Production (Micros)', 'Access-Control-Allow-Origin': '*', 'Access-Control-Allow-Methods': 'GET, PUT, POST, DELETE', 'Access-Control-Allow-Headers': 'Authorization, Accept, Content-Type', 'Access-Control-Expose-Headers': 'x-rate-limit-api-key-interval-ms, x-rate-limit-api-key-max, x-rate-limit-api-key-remaining, x-rate-limit-api-token-interval-ms, x-rate-limit-api-token-max, x-rate-limit-api-token-remaining', 'X-Rate-Limit-Api-Token-Interval-Ms': '10000', 'X-Rate-Limit-Api-Token-Max': '100', 'X-Rate-Limit-Api-Token-Remaining': '99', 'X-Rate-Limit-Db-Query-Time-Interval-Ms': '600000', 'X-Rate-Limit-Db-Query-Time-Max': '7200000', 'X-Rate-Limit-Db-Query-Time-Remaining': '7199990', 'X-Rate-Limit-Action-Interval-Ms': '3600000', 'X-Rate-Limit-Action-Max': '15000', 'X-Rate-Limit-Action-Remaining': '14999', 'X-Rate-Limit-Api-Key-Interval-Ms': '10000', 'X-Rate-Limit-Api-Key-Max': '300', 'X-Rate-Limit-Api-Key-Remaining': '299', 'X-Rate-Limit-Member-Interval-Ms': '10000', 'X-Rate-Limit-Member-Max': '375', 'X-Rate-Limit-Member-Remaining': '374', 'Set-Cookie': 'preAuthProps=s%3A62fe0b879b9a0e07b19733c4%3AisEnterpriseAdmin%3Dfalse.jeNVYRrgk8EnG7hUyId%2FdhvTQRmhsmWXF%2BnP%2F%2Bcp%2FRc; Path=/; HttpOnly', 'X-Server-Time': '1661346530260', 'X-Envoy-Upstream-Service-Time': '271', 'Server': 'globaledge-envoy', 'Expect-Ct': 'report-uri="https://web-security-reports.services.atlassian.com/expect-ct-report/trello-edge", max-age=86400', 'Strict-Transport-Security': 'max-age=63072000; preload', 'X-Content-Type-Options': 'nosniff', 'X-Xss-Protection': '1; mode=block', 'Atl-Traceid': 'ee7b16e9d70e3aa4', 'Report-To': '{"group": "endpoint-1", "max_age": 600, "endpoints": [{"url": "https://dz8aopenkvv6s.cloudfront.net"}], "include_subdomains": true}', 'Nel': '{"report_to": "endpoint-1", "max_age": 600, "include_subdomains": true, "failure_fraction": 0.001}'} 
 body={"id":"630622e281898b00eee74d1e","badges":{"attachmentsByType":{"trello":{"board":0,"card":0}},"location":false,"votes":0,"viewingMemberVoted":false,"subscribed":false,"fogbugz":"","checkItems":0,"checkItemsChecked":0,"checkItemsEarliestDue":null,"comments":0,"attachments":0,"description":false,"due":null,"dueComplete":false,"start":null},"checkItemStates":[],"closed":false,"dueComplete":false,"dateLastActivity":"2022-08-24T13:08:50.137Z","desc":"","descData":{"emoji":{}},"due":null,"dueReminder":null,"email":null,"idBoard":"62fe11e1745ae4313c883dc5","idChecklists":[],"idList":"62fe11e1745ae4313c883dcc","idMembers":[],"idMembersVoted":[],"idShort":44,"idAttachmentCover":null,"labels":[],"idLabels":[],"manualCoverAttachment":false,"name":"","pos":172032,"shortLink":"KgJOWA3r","shortUrl":"https://trello.com/c/KgJOWA3r","start":null,"subscribed":false,"url":"https://trello.com/c/KgJOWA3r/44--","cover":{"idAttachment":null,"color":null,"idUploadedBackground":null,"size":"normal","brightness":"dark","idPlugin":null},"isTemplate":false,"cardRole":null,"attachments":[],"stickers":[],"limits":{}} 
 </msg>
<msg timestamp="20220824 15:08:50.334" level="INFO">C:\Users\matti-esko.pelkola\AppData\Local\Packages\PythonSoftwareFoundation.Python.3.10_qbz5n2kfra8p0\LocalCache\local-packages\Python310\site-packages\urllib3\connectionpool.py:1045: InsecureRequestWarning: Unverified HTTPS request is being made to host 'api.trello.com'. Adding certificate verification is strongly advised. See: https://urllib3.readthedocs.io/en/1.26.x/advanced-usage.html#ssl-warnings
  warnings.warn(</msg>
<msg timestamp="20220824 15:08:50.334" level="INFO">${response} = &lt;Response [200]&gt;</msg>
<status status="PASS" starttime="20220824 15:08:49.807" endtime="20220824 15:08:50.334"/>
</kw>
<kw name="Should Be True" library="BuiltIn">
<arg>${response.status_code} == 200</arg>
<doc>Fails if the given condition is not true.</doc>
<status status="PASS" starttime="20220824 15:08:50.334" endtime="20220824 15:08:50.342"/>
</kw>
<kw name="Set Variable" library="BuiltIn">
<var>${JSON_RESPONSE}</var>
<arg>${response.json()}</arg>
<doc>Returns the given values which can then be assigned to a variables.</doc>
<msg timestamp="20220824 15:08:50.343" level="INFO">${JSON_RESPONSE} = {'id': '630622e281898b00eee74d1e', 'badges': {'attachmentsByType': {'trello': {'board': 0, 'card': 0}}, 'location': False, 'votes': 0, 'viewingMemberVoted': False, 'subscribed': False, 'fogbugz': '', ...</msg>
<status status="PASS" starttime="20220824 15:08:50.342" endtime="20220824 15:08:50.343"/>
</kw>
<kw name="Set Variable" library="BuiltIn">
<var>${CARD_ID}</var>
<arg>${JSON_RESPONSE['id']}</arg>
<doc>Returns the given values which can then be assigned to a variables.</doc>
<msg timestamp="20220824 15:08:50.344" level="INFO">${CARD_ID} = 630622e281898b00eee74d1e</msg>
<status status="PASS" starttime="20220824 15:08:50.343" endtime="20220824 15:08:50.344"/>
</kw>
<kw name="Set Global Variable" library="BuiltIn">
<arg>${CARD_ID}</arg>
<doc>Makes a variable available globally in all tests and suites.</doc>
<msg timestamp="20220824 15:08:50.344" level="INFO">${CARD_ID} = 630622e281898b00eee74d1e</msg>
<status status="PASS" starttime="20220824 15:08:50.344" endtime="20220824 15:08:50.344"/>
</kw>
<status status="PASS" starttime="20220824 15:08:49.806" endtime="20220824 15:08:50.344"/>
</kw>
<status status="PASS" starttime="20220824 15:08:49.805" endtime="20220824 15:08:50.345"/>
</test>
<test id="s1-t2" name="Perform API GET request" line="12">
<kw name="Connect to GET API" library="GetRequest">
<kw name="Create Session" library="RequestsLibrary">
<arg>my_session</arg>
<arg>${HOST}</arg>
<doc>Create Session: create a HTTP session to a server</doc>
<msg timestamp="20220824 15:08:50.348" level="INFO">Creating Session using : alias=my_session, url=https://api.trello.com/1/cards/, headers={},                     cookies={}, auth=None, timeout=None, proxies=None, verify=False,                     debug=0 </msg>
<status status="PASS" starttime="20220824 15:08:50.347" endtime="20220824 15:08:50.348"/>
</kw>
<kw name="GET On Session" library="RequestsLibrary">
<var>${response}</var>
<arg>my_session</arg>
<arg>${CARD_ID}${GET}</arg>
<arg>${HEADERS}</arg>
<doc>Sends a GET request on a previously created HTTP Session.</doc>
<msg timestamp="20220824 15:08:50.658" level="INFO">GET Request : url=https://api.trello.com/1/cards/630622e281898b00eee74d1e?key=3811a2a5a39fe31676e2c56e24fa7cb7&amp;token=b850222ef62af0713952a88ae9bec671b8b8b3d74dac3e22ed765d9d51083841&amp;Create%20Dictionary%20Accept=application/json%20charset=utf-8 
 path_url=/1/cards/630622e281898b00eee74d1e?key=3811a2a5a39fe31676e2c56e24fa7cb7&amp;token=b850222ef62af0713952a88ae9bec671b8b8b3d74dac3e22ed765d9d51083841&amp;Create%20Dictionary%20Accept=application/json%20charset=utf-8 
 headers={'User-Agent': 'python-requests/2.28.1', 'Accept-Encoding': 'gzip, deflate', 'Accept': '*/*', 'Connection': 'keep-alive'} 
 body=None 
 </msg>
<msg timestamp="20220824 15:08:50.658" level="INFO">GET Response : url=https://api.trello.com/1/cards/630622e281898b00eee74d1e?key=3811a2a5a39fe31676e2c56e24fa7cb7&amp;token=b850222ef62af0713952a88ae9bec671b8b8b3d74dac3e22ed765d9d51083841&amp;Create%20Dictionary%20Accept=application/json%20charset=utf-8 
 status=200, reason=OK 
 headers={'Date': 'Wed, 24 Aug 2022 13:08:50 GMT', 'Content-Type': 'application/json; charset=utf-8', 'Content-Length': '1062', 'X-Dns-Prefetch-Control': 'off', 'X-Frame-Options': 'DENY', 'X-Download-Options': 'noopen', 'X-Permitted-Cross-Domain-Policies': 'none', 'Referrer-Policy': 'strict-origin-when-cross-origin', 'Surrogate-Control': 'no-store', 'Cache-Control': 'max-age=0, must-revalidate, no-cache, no-store', 'Pragma': 'no-cache', 'Expires': 'Thu, 01 Jan 1970 00:00:00', 'X-Trello-Version': '1.150589.0', 'X-Trello-Environment': 'Production (Micros)', 'Set-Cookie': 'dsc=c0b5d644d8df17ce3c7094adb3cd98cc957b6cbfaae1ff7f877bf5ea8ff0de09; Path=/; Expires=Sat, 27 Aug 2022 13:08:50 GMT; Secure, preAuthProps=s%3A62fe0b879b9a0e07b19733c4%3AisEnterpriseAdmin%3Dfalse.jeNVYRrgk8EnG7hUyId%2FdhvTQRmhsmWXF%2BnP%2F%2Bcp%2FRc; Path=/; HttpOnly', 'Access-Control-Allow-Origin': '*', 'Access-Control-Allow-Methods': 'GET, PUT, POST, DELETE', 'Access-Control-Allow-Headers': 'Authorization, Accept, Content-Type', 'Access-Control-Expose-Headers': 'x-rate-limit-api-key-interval-ms, x-rate-limit-api-key-max, x-rate-limit-api-key-remaining, x-rate-limit-api-token-interval-ms, x-rate-limit-api-token-max, x-rate-limit-api-token-remaining', 'X-Rate-Limit-Api-Token-Interval-Ms': '10000', 'X-Rate-Limit-Api-Token-Max': '100', 'X-Rate-Limit-Api-Token-Remaining': '98', 'X-Rate-Limit-Db-Query-Time-Interval-Ms': '600000', 'X-Rate-Limit-Db-Query-Time-Max': '7200000', 'X-Rate-Limit-Db-Query-Time-Remaining': '7199990', 'X-Rate-Limit-Api-Key-Interval-Ms': '10000', 'X-Rate-Limit-Api-Key-Max': '300', 'X-Rate-Limit-Api-Key-Remaining': '298', 'X-Rate-Limit-Member-Interval-Ms': '10000', 'X-Rate-Limit-Member-Max': '375', 'X-Rate-Limit-Member-Remaining': '373', 'X-Server-Time': '1661346530583', 'X-Envoy-Upstream-Service-Time': '130', 'Server': 'globaledge-envoy', 'Expect-Ct': 'report-uri="https://web-security-reports.services.atlassian.com/expect-ct-report/trello-edge", max-age=86400', 'Strict-Transport-Security': 'max-age=63072000; preload', 'X-Content-Type-Options': 'nosniff', 'X-Xss-Protection': '1; mode=block', 'Atl-Traceid': '6073952605491b93', 'Report-To': '{"group": "endpoint-1", "max_age": 600, "endpoints": [{"url": "https://dz8aopenkvv6s.cloudfront.net"}], "include_subdomains": true}', 'Nel': '{"report_to": "endpoint-1", "max_age": 600, "include_subdomains": true, "failure_fraction": 0.001}'} 
 body={"id":"630622e281898b00eee74d1e","badges":{"attachmentsByType":{"trello":{"board":0,"card":0}},"location":false,"votes":0,"viewingMemberVoted":false,"subscribed":false,"fogbugz":"","checkItems":0,"checkItemsChecked":0,"checkItemsEarliestDue":null,"comments":0,"attachments":0,"description":false,"due":null,"dueComplete":false,"start":null},"checkItemStates":[],"closed":false,"dueComplete":false,"dateLastActivity":"2022-08-24T13:08:50.137Z","desc":"","descData":{"emoji":{}},"due":null,"dueReminder":null,"email":null,"idBoard":"62fe11e1745ae4313c883dc5","idChecklists":[],"idList":"62fe11e1745ae4313c883dcc","idMembers":[],"idMembersVoted":[],"idShort":44,"idAttachmentCover":null,"labels":[],"idLabels":[],"manualCoverAttachment":false,"name":"","pos":172032,"shortLink":"KgJOWA3r","shortUrl":"https://trello.com/c/KgJOWA3r","start":null,"subscribed":false,"url":"https://trello.com/c/KgJOWA3r/44--","cover":{"idAttachment":null,"color":null,"idUploadedBackground":null,"size":"normal","brightness":"dark","idPlugin":null},"isTemplate":false,"cardRole":null} 
 </msg>
<msg timestamp="20220824 15:08:50.658" level="INFO">C:\Users\matti-esko.pelkola\AppData\Local\Packages\PythonSoftwareFoundation.Python.3.10_qbz5n2kfra8p0\LocalCache\local-packages\Python310\site-packages\urllib3\connectionpool.py:1045: InsecureRequestWarning: Unverified HTTPS request is being made to host 'api.trello.com'. Adding certificate verification is strongly advised. See: https://urllib3.readthedocs.io/en/1.26.x/advanced-usage.html#ssl-warnings
  warnings.warn(</msg>
<msg timestamp="20220824 15:08:50.658" level="INFO">${response} = &lt;Response [200]&gt;</msg>
<status status="PASS" starttime="20220824 15:08:50.348" endtime="20220824 15:08:50.658"/>
</kw>
<kw name="Should Be True" library="BuiltIn">
<arg>${response.status_code} == 200</arg>
<doc>Fails if the given condition is not true.</doc>
<status status="PASS" starttime="20220824 15:08:50.667" endtime="20220824 15:08:50.669"/>
</kw>
<status status="PASS" starttime="20220824 15:08:50.347" endtime="20220824 15:08:50.669"/>
</kw>
<status status="PASS" starttime="20220824 15:08:50.347" endtime="20220824 15:08:50.670"/>
</test>
<test id="s1-t3" name="Perform API PUT request" line="15">
<kw name="Connect to PUT API" library="GetRequest">
<kw name="Create Session" library="RequestsLibrary">
<arg>my_session</arg>
<arg>${HOST}</arg>
<doc>Create Session: create a HTTP session to a server</doc>
<msg timestamp="20220824 15:08:50.673" level="INFO">Creating Session using : alias=my_session, url=https://api.trello.com/1/cards/, headers={},                     cookies={}, auth=None, timeout=None, proxies=None, verify=False,                     debug=0 </msg>
<status status="PASS" starttime="20220824 15:08:50.673" endtime="20220824 15:08:50.673"/>
</kw>
<kw name="PUT On Session" library="RequestsLibrary">
<var>${response}</var>
<arg>my_session</arg>
<arg>${CARD_ID}${PUT}</arg>
<arg>${HEADERS}</arg>
<doc>Sends a PUT request on a previously created HTTP Session.</doc>
<msg timestamp="20220824 15:08:51.297" level="INFO">PUT Request : url=https://api.trello.com/1/cards/630622e281898b00eee74d1e?name=Korttinimi&amp;key=3811a2a5a39fe31676e2c56e24fa7cb7&amp;token=b850222ef62af0713952a88ae9bec671b8b8b3d74dac3e22ed765d9d51083841 
 path_url=/1/cards/630622e281898b00eee74d1e?name=Korttinimi&amp;key=3811a2a5a39fe31676e2c56e24fa7cb7&amp;token=b850222ef62af0713952a88ae9bec671b8b8b3d74dac3e22ed765d9d51083841 
 headers={'User-Agent': 'python-requests/2.28.1', 'Accept-Encoding': 'gzip, deflate', 'Accept': '*/*', 'Connection': 'keep-alive', 'Content-Length': '55'} 
 body=Create Dictionary Accept=application/json charset=utf-8 
 </msg>
<msg timestamp="20220824 15:08:51.297" level="INFO">PUT Response : url=https://api.trello.com/1/cards/630622e281898b00eee74d1e?name=Korttinimi&amp;key=3811a2a5a39fe31676e2c56e24fa7cb7&amp;token=b850222ef62af0713952a88ae9bec671b8b8b3d74dac3e22ed765d9d51083841 
 status=200, reason=OK 
 headers={'Date': 'Wed, 24 Aug 2022 13:08:51 GMT', 'Content-Type': 'application/json; charset=utf-8', 'Content-Length': '1081', 'X-Dns-Prefetch-Control': 'off', 'X-Frame-Options': 'DENY', 'X-Download-Options': 'noopen', 'X-Permitted-Cross-Domain-Policies': 'none', 'Referrer-Policy': 'strict-origin-when-cross-origin', 'Surrogate-Control': 'no-store', 'Cache-Control': 'max-age=0, must-revalidate, no-cache, no-store', 'Pragma': 'no-cache', 'Expires': 'Thu, 01 Jan 1970 00:00:00', 'X-Trello-Version': '1.150589.0', 'X-Trello-Environment': 'Production (Micros)', 'Access-Control-Allow-Origin': '*', 'Access-Control-Allow-Methods': 'GET, PUT, POST, DELETE', 'Access-Control-Allow-Headers': 'Authorization, Accept, Content-Type', 'Access-Control-Expose-Headers': 'x-rate-limit-api-key-interval-ms, x-rate-limit-api-key-max, x-rate-limit-api-key-remaining, x-rate-limit-api-token-interval-ms, x-rate-limit-api-token-max, x-rate-limit-api-token-remaining', 'X-Rate-Limit-Api-Token-Interval-Ms': '10000', 'X-Rate-Limit-Api-Token-Max': '100', 'X-Rate-Limit-Api-Token-Remaining': '97', 'X-Rate-Limit-Db-Query-Time-Interval-Ms': '600000', 'X-Rate-Limit-Db-Query-Time-Max': '7200000', 'X-Rate-Limit-Db-Query-Time-Remaining': '7199990', 'X-Rate-Limit-Action-Interval-Ms': '3600000', 'X-Rate-Limit-Action-Max': '15000', 'X-Rate-Limit-Action-Remaining': '14999', 'X-Rate-Limit-Api-Key-Interval-Ms': '10000', 'X-Rate-Limit-Api-Key-Max': '300', 'X-Rate-Limit-Api-Key-Remaining': '297', 'X-Rate-Limit-Member-Interval-Ms': '10000', 'X-Rate-Limit-Member-Max': '375', 'X-Rate-Limit-Member-Remaining': '372', 'Set-Cookie': 'preAuthProps=s%3A62fe0b879b9a0e07b19733c4%3AisEnterpriseAdmin%3Dfalse.jeNVYRrgk8EnG7hUyId%2FdhvTQRmhsmWXF%2BnP%2F%2Bcp%2FRc; Path=/; HttpOnly', 'X-Server-Time': '1661346531216', 'X-Envoy-Upstream-Service-Time': '411', 'Server': 'globaledge-envoy', 'Expect-Ct': 'report-uri="https://web-security-reports.services.atlassian.com/expect-ct-report/trello-edge", max-age=86400', 'Strict-Transport-Security': 'max-age=63072000; preload', 'X-Content-Type-Options': 'nosniff', 'X-Xss-Protection': '1; mode=block', 'Atl-Traceid': '2848aea6d932fe83', 'Report-To': '{"group": "endpoint-1", "max_age": 600, "endpoints": [{"url": "https://dz8aopenkvv6s.cloudfront.net"}], "include_subdomains": true}', 'Nel': '{"report_to": "endpoint-1", "max_age": 600, "include_subdomains": true, "failure_fraction": 0.001}'} 
 body={"id":"630622e281898b00eee74d1e","badges":{"attachmentsByType":{"trello":{"board":0,"card":0}},"location":false,"votes":0,"viewingMemberVoted":false,"subscribed":false,"fogbugz":"","checkItems":0,"checkItemsChecked":0,"checkItemsEarliestDue":null,"comments":0,"attachments":0,"description":false,"due":null,"dueComplete":false,"start":null},"checkItemStates":[],"closed":false,"dueComplete":false,"dateLastActivity":"2022-08-24T13:08:51.074Z","desc":"","descData":{"emoji":{}},"due":null,"dueReminder":null,"email":null,"idBoard":"62fe11e1745ae4313c883dc5","idChecklists":[],"idList":"62fe11e1745ae4313c883dcc","idMembers":[],"idMembersVoted":[],"idShort":44,"idAttachmentCover":null,"labels":[],"idLabels":[],"manualCoverAttachment":false,"name":"Korttinimi","pos":172032,"shortLink":"KgJOWA3r","shortUrl":"https://trello.com/c/KgJOWA3r","start":null,"subscribed":false,"url":"https://trello.com/c/KgJOWA3r/44-korttinimi","cover":{"idAttachment":null,"color":null,"idUploadedBackground":null,"size":"normal","brightness":"dark","idPlugin":null},"isTemplate":false,"cardRole":null} 
 </msg>
<msg timestamp="20220824 15:08:51.297" level="INFO">C:\Users\matti-esko.pelkola\AppData\Local\Packages\PythonSoftwareFoundation.Python.3.10_qbz5n2kfra8p0\LocalCache\local-packages\Python310\site-packages\urllib3\connectionpool.py:1045: InsecureRequestWarning: Unverified HTTPS request is being made to host 'api.trello.com'. Adding certificate verification is strongly advised. See: https://urllib3.readthedocs.io/en/1.26.x/advanced-usage.html#ssl-warnings
  warnings.warn(</msg>
<msg timestamp="20220824 15:08:51.297" level="INFO">${response} = &lt;Response [200]&gt;</msg>
<status status="PASS" starttime="20220824 15:08:50.674" endtime="20220824 15:08:51.297"/>
</kw>
<kw name="Should Be True" library="BuiltIn">
<arg>${response.status_code} == 200</arg>
<doc>Fails if the given condition is not true.</doc>
<status status="PASS" starttime="20220824 15:08:51.297" endtime="20220824 15:08:51.304"/>
</kw>
<status status="PASS" starttime="20220824 15:08:50.673" endtime="20220824 15:08:51.304"/>
</kw>
<status status="PASS" starttime="20220824 15:08:50.672" endtime="20220824 15:08:51.305"/>
</test>
<test id="s1-t4" name="Perform API DELETE request" line="18">
<kw name="Connect to DELETE API" library="GetRequest">
<kw name="Create Session" library="RequestsLibrary">
<arg>my_session</arg>
<arg>${HOST}</arg>
<doc>Create Session: create a HTTP session to a server</doc>
<msg timestamp="20220824 15:08:51.310" level="INFO">Creating Session using : alias=my_session, url=https://api.trello.com/1/cards/, headers={},                     cookies={}, auth=None, timeout=None, proxies=None, verify=False,                     debug=0 </msg>
<status status="PASS" starttime="20220824 15:08:51.310" endtime="20220824 15:08:51.310"/>
</kw>
<kw name="DELETE On Session" library="RequestsLibrary">
<var>${response}</var>
<arg>my_session</arg>
<arg>${CARD_ID}${DELETE}</arg>
<doc>Sends a DELETE request on a previously created HTTP Session.</doc>
<msg timestamp="20220824 15:08:51.740" level="INFO">DELETE Request : url=https://api.trello.com/1/cards/630622e281898b00eee74d1e?key=3811a2a5a39fe31676e2c56e24fa7cb7&amp;token=b850222ef62af0713952a88ae9bec671b8b8b3d74dac3e22ed765d9d51083841 
 path_url=/1/cards/630622e281898b00eee74d1e?key=3811a2a5a39fe31676e2c56e24fa7cb7&amp;token=b850222ef62af0713952a88ae9bec671b8b8b3d74dac3e22ed765d9d51083841 
 headers={'User-Agent': 'python-requests/2.28.1', 'Accept-Encoding': 'gzip, deflate', 'Accept': '*/*', 'Connection': 'keep-alive', 'Content-Length': '0'} 
 body=None 
 </msg>
<msg timestamp="20220824 15:08:51.740" level="INFO">DELETE Response : url=https://api.trello.com/1/cards/630622e281898b00eee74d1e?key=3811a2a5a39fe31676e2c56e24fa7cb7&amp;token=b850222ef62af0713952a88ae9bec671b8b8b3d74dac3e22ed765d9d51083841 
 status=200, reason=OK 
 headers={'Date': 'Wed, 24 Aug 2022 13:08:51 GMT', 'Content-Type': 'application/json; charset=utf-8', 'Content-Length': '13', 'X-Dns-Prefetch-Control': 'off', 'X-Frame-Options': 'DENY', 'X-Download-Options': 'noopen', 'X-Permitted-Cross-Domain-Policies': 'none', 'Referrer-Policy': 'strict-origin-when-cross-origin', 'Surrogate-Control': 'no-store', 'Cache-Control': 'max-age=0, must-revalidate, no-cache, no-store', 'Pragma': 'no-cache', 'Expires': 'Thu, 01 Jan 1970 00:00:00', 'X-Trello-Version': '1.150589.0', 'X-Trello-Environment': 'Production (Micros)', 'Access-Control-Allow-Origin': '*', 'Access-Control-Allow-Methods': 'GET, PUT, POST, DELETE', 'Access-Control-Allow-Headers': 'Authorization, Accept, Content-Type', 'Access-Control-Expose-Headers': 'x-rate-limit-api-key-interval-ms, x-rate-limit-api-key-max, x-rate-limit-api-key-remaining, x-rate-limit-api-token-interval-ms, x-rate-limit-api-token-max, x-rate-limit-api-token-remaining', 'X-Rate-Limit-Api-Token-Interval-Ms': '10000', 'X-Rate-Limit-Api-Token-Max': '100', 'X-Rate-Limit-Api-Token-Remaining': '96', 'X-Rate-Limit-Db-Query-Time-Interval-Ms': '600000', 'X-Rate-Limit-Db-Query-Time-Max': '7200000', 'X-Rate-Limit-Db-Query-Time-Remaining': '7199990', 'X-Rate-Limit-Action-Interval-Ms': '3600000', 'X-Rate-Limit-Action-Max': '15000', 'X-Rate-Limit-Action-Remaining': '14999', 'X-Rate-Limit-Api-Key-Interval-Ms': '10000', 'X-Rate-Limit-Api-Key-Max': '300', 'X-Rate-Limit-Api-Key-Remaining': '296', 'X-Rate-Limit-Member-Interval-Ms': '10000', 'X-Rate-Limit-Member-Max': '375', 'X-Rate-Limit-Member-Remaining': '371', 'Set-Cookie': 'preAuthProps=s%3A62fe0b879b9a0e07b19733c4%3AisEnterpriseAdmin%3Dfalse.jeNVYRrgk8EnG7hUyId%2FdhvTQRmhsmWXF%2BnP%2F%2Bcp%2FRc; Path=/; HttpOnly', 'X-Server-Time': '1661346531660', 'X-Envoy-Upstream-Service-Time': '221', 'Server': 'globaledge-envoy', 'Expect-Ct': 'report-uri="https://web-security-reports.services.atlassian.com/expect-ct-report/trello-edge", max-age=86400', 'Strict-Transport-Security': 'max-age=63072000; preload', 'X-Content-Type-Options': 'nosniff', 'X-Xss-Protection': '1; mode=block', 'Atl-Traceid': 'a09b8a482c05ab7c', 'Report-To': '{"group": "endpoint-1", "max_age": 600, "endpoints": [{"url": "https://dz8aopenkvv6s.cloudfront.net"}], "include_subdomains": true}', 'Nel': '{"report_to": "endpoint-1", "max_age": 600, "include_subdomains": true, "failure_fraction": 0.001}'} 
 body={"limits":{}} 
 </msg>
<msg timestamp="20220824 15:08:51.740" level="INFO">C:\Users\matti-esko.pelkola\AppData\Local\Packages\PythonSoftwareFoundation.Python.3.10_qbz5n2kfra8p0\LocalCache\local-packages\Python310\site-packages\urllib3\connectionpool.py:1045: InsecureRequestWarning: Unverified HTTPS request is being made to host 'api.trello.com'. Adding certificate verification is strongly advised. See: https://urllib3.readthedocs.io/en/1.26.x/advanced-usage.html#ssl-warnings
  warnings.warn(</msg>
<msg timestamp="20220824 15:08:51.740" level="INFO">${response} = &lt;Response [200]&gt;</msg>
<status status="PASS" starttime="20220824 15:08:51.310" endtime="20220824 15:08:51.740"/>
</kw>
<kw name="Should Be True" library="BuiltIn">
<arg>${response.status_code} == 200</arg>
<doc>Fails if the given condition is not true.</doc>
<status status="PASS" starttime="20220824 15:08:51.740" endtime="20220824 15:08:51.749"/>
</kw>
<status status="PASS" starttime="20220824 15:08:51.309" endtime="20220824 15:08:51.749"/>
</kw>
<status status="PASS" starttime="20220824 15:08:51.308" endtime="20220824 15:08:51.750"/>
</test>
<test id="s1-t5" name="Perform NEGATIVE API GET request" line="21">
<kw name="Unsuccessful GET API" library="GetRequest">
<kw name="Create Session" library="RequestsLibrary">
<arg>my_session</arg>
<arg>${HOST}</arg>
<doc>Create Session: create a HTTP session to a server</doc>
<msg timestamp="20220824 15:08:51.754" level="INFO">Creating Session using : alias=my_session, url=https://api.trello.com/1/cards/, headers={},                     cookies={}, auth=None, timeout=None, proxies=None, verify=False,                     debug=0 </msg>
<status status="PASS" starttime="20220824 15:08:51.754" endtime="20220824 15:08:51.755"/>
</kw>
<kw name="Create Dictionary" library="BuiltIn">
<var>${HEADERS}</var>
<arg>Accept=application/json</arg>
<arg>charset=utf-8</arg>
<doc>Creates and returns a dictionary based on the given ``items``.</doc>
<msg timestamp="20220824 15:08:51.755" level="INFO">${HEADERS} = {'Accept': 'application/json', 'charset': 'utf-8'}</msg>
<status status="PASS" starttime="20220824 15:08:51.755" endtime="20220824 15:08:51.755"/>
</kw>
<kw name="Run Keyword And Expect Error" library="BuiltIn">
<arg>${GETERROR}</arg>
<arg>Get On Session</arg>
<arg>my_session</arg>
<arg>${GET_FAULT}</arg>
<arg>${HEADERS}</arg>
<doc>Runs the keyword and checks that the expected error occurred.</doc>
<kw name="GET On Session" library="RequestsLibrary">
<arg>my_session</arg>
<arg>${GET_FAULT}</arg>
<arg>${HEADERS}</arg>
<doc>Sends a GET request on a previously created HTTP Session.</doc>
<msg timestamp="20220824 15:08:52.060" level="INFO">GET Request : url=https://api.trello.com/1/cards/123?key=3811a2a5a39fe31676e2c56e24fa7cb7&amp;token=b850222ef62af0713952a88ae9bec671b8b8b3d74dac3e22ed765d9d51083841&amp;Accept=application%2Fjson&amp;charset=utf-8 
 path_url=/1/cards/123?key=3811a2a5a39fe31676e2c56e24fa7cb7&amp;token=b850222ef62af0713952a88ae9bec671b8b8b3d74dac3e22ed765d9d51083841&amp;Accept=application%2Fjson&amp;charset=utf-8 
 headers={'User-Agent': 'python-requests/2.28.1', 'Accept-Encoding': 'gzip, deflate', 'Accept': '*/*', 'Connection': 'keep-alive'} 
 body=None 
 </msg>
<msg timestamp="20220824 15:08:52.060" level="INFO">GET Response : url=https://api.trello.com/1/cards/123?key=3811a2a5a39fe31676e2c56e24fa7cb7&amp;token=b850222ef62af0713952a88ae9bec671b8b8b3d74dac3e22ed765d9d51083841&amp;Accept=application%2Fjson&amp;charset=utf-8 
 status=400, reason=Bad Request 
 headers={'Date': 'Wed, 24 Aug 2022 13:08:51 GMT', 'Content-Type': 'text/plain; charset=utf-8', 'Content-Length': '10', 'X-Dns-Prefetch-Control': 'off', 'X-Frame-Options': 'DENY', 'X-Download-Options': 'noopen', 'X-Permitted-Cross-Domain-Policies': 'none', 'Referrer-Policy': 'strict-origin-when-cross-origin', 'Surrogate-Control': 'no-store', 'Cache-Control': 'no-store, no-cache, must-revalidate, proxy-revalidate', 'Pragma': 'no-cache', 'Expires': '0', 'X-Trello-Version': '1.150589.0', 'X-Trello-Environment': 'Production (Micros)', 'Set-Cookie': 'dsc=426ec686e54a4b074208e853b9db45616a3a6064a04944dd382072c146b84696; Path=/; Expires=Sat, 27 Aug 2022 13:08:51 GMT; Secure', 'Access-Control-Allow-Origin': '*', 'Access-Control-Allow-Methods': 'GET, PUT, POST, DELETE', 'Access-Control-Allow-Headers': 'Authorization, Accept, Content-Type', 'Access-Control-Expose-Headers': 'x-rate-limit-api-key-interval-ms, x-rate-limit-api-key-max, x-rate-limit-api-key-remaining, x-rate-limit-api-token-interval-ms, x-rate-limit-api-token-max, x-rate-limit-api-token-remaining', 'X-Rate-Limit-Api-Token-Interval-Ms': '10000', 'X-Rate-Limit-Api-Token-Max': '100', 'X-Rate-Limit-Api-Token-Remaining': '95', 'X-Rate-Limit-Db-Query-Time-Interval-Ms': '600000', 'X-Rate-Limit-Db-Query-Time-Max': '7200000', 'X-Rate-Limit-Db-Query-Time-Remaining': '7199990', 'X-Rate-Limit-Api-Key-Interval-Ms': '10000', 'X-Rate-Limit-Api-Key-Max': '300', 'X-Rate-Limit-Api-Key-Remaining': '295', 'X-Envoy-Upstream-Service-Time': '88', 'Server': 'globaledge-envoy', 'Expect-Ct': 'report-uri="https://web-security-reports.services.atlassian.com/expect-ct-report/trello-edge", max-age=86400', 'Strict-Transport-Security': 'max-age=63072000; preload', 'X-Content-Type-Options': 'nosniff', 'X-Xss-Protection': '1; mode=block', 'Atl-Traceid': 'da2cc7610d84f59a', 'Report-To': '{"group": "endpoint-1", "max_age": 600, "endpoints": [{"url": "https://dz8aopenkvv6s.cloudfront.net"}], "include_subdomains": true}', 'Nel': '{"report_to": "endpoint-1", "max_age": 600, "include_subdomains": true, "failure_fraction": 0.001}'} 
 body=invalid id 
 </msg>
<msg timestamp="20220824 15:08:52.060" level="INFO">C:\Users\matti-esko.pelkola\AppData\Local\Packages\PythonSoftwareFoundation.Python.3.10_qbz5n2kfra8p0\LocalCache\local-packages\Python310\site-packages\urllib3\connectionpool.py:1045: InsecureRequestWarning: Unverified HTTPS request is being made to host 'api.trello.com'. Adding certificate verification is strongly advised. See: https://urllib3.readthedocs.io/en/1.26.x/advanced-usage.html#ssl-warnings
  warnings.warn(</msg>
<msg timestamp="20220824 15:08:52.074" level="FAIL">HTTPError: 400 Client Error: Bad Request for url: https://api.trello.com/1/cards/123?key=3811a2a5a39fe31676e2c56e24fa7cb7&amp;token=b850222ef62af0713952a88ae9bec671b8b8b3d74dac3e22ed765d9d51083841&amp;Accept=application%2Fjson&amp;charset=utf-8</msg>
<status status="FAIL" starttime="20220824 15:08:51.755" endtime="20220824 15:08:52.076"/>
</kw>
<status status="PASS" starttime="20220824 15:08:51.755" endtime="20220824 15:08:52.077"/>
</kw>
<status status="PASS" starttime="20220824 15:08:51.754" endtime="20220824 15:08:52.077"/>
</kw>
<status status="PASS" starttime="20220824 15:08:51.753" endtime="20220824 15:08:52.078"/>
</test>
<test id="s1-t6" name="Perform NEGATIVE API POST request" line="24">
<kw name="Unsuccessful POST API" library="GetRequest">
<kw name="Create Session" library="RequestsLibrary">
<arg>my_session</arg>
<arg>${HOST}</arg>
<doc>Create Session: create a HTTP session to a server</doc>
<msg timestamp="20220824 15:08:52.080" level="INFO">Creating Session using : alias=my_session, url=https://api.trello.com/1/cards/, headers={},                     cookies={}, auth=None, timeout=None, proxies=None, verify=False,                     debug=0 </msg>
<status status="PASS" starttime="20220824 15:08:52.080" endtime="20220824 15:08:52.081"/>
</kw>
<kw name="Create Dictionary" library="BuiltIn">
<var>${HEADERS}</var>
<arg>Accept=application/json</arg>
<arg>charset=utf-8</arg>
<doc>Creates and returns a dictionary based on the given ``items``.</doc>
<msg timestamp="20220824 15:08:52.081" level="INFO">${HEADERS} = {'Accept': 'application/json', 'charset': 'utf-8'}</msg>
<status status="PASS" starttime="20220824 15:08:52.081" endtime="20220824 15:08:52.081"/>
</kw>
<kw name="Run Keyword And Expect Error" library="BuiltIn">
<arg>${POSTERROR}</arg>
<arg>POST On Session</arg>
<arg>my_session</arg>
<arg>${POST_FAULT}</arg>
<arg>${HEADERS}</arg>
<doc>Runs the keyword and checks that the expected error occurred.</doc>
<kw name="POST On Session" library="RequestsLibrary">
<arg>my_session</arg>
<arg>${POST_FAULT}</arg>
<arg>${HEADERS}</arg>
<doc>Sends a POST request on a previously created HTTP Session.</doc>
<msg timestamp="20220824 15:08:52.385" level="INFO">POST Request : url=https://api.trello.com/1/cards/?idList=&amp;key=3811a2a5a39fe31676e2c56e24fa7cb7&amp;token=b850222ef62af0713952a88ae9bec671b8b8b3d74dac3e22ed765d9d51083841 
 path_url=/1/cards/?idList=&amp;key=3811a2a5a39fe31676e2c56e24fa7cb7&amp;token=b850222ef62af0713952a88ae9bec671b8b8b3d74dac3e22ed765d9d51083841 
 headers={'User-Agent': 'python-requests/2.28.1', 'Accept-Encoding': 'gzip, deflate', 'Accept': '*/*', 'Connection': 'keep-alive', 'Content-Length': '39', 'Content-Type': 'application/x-www-form-urlencoded'} 
 body=Accept=application%2Fjson&amp;charset=utf-8 
 </msg>
<msg timestamp="20220824 15:08:52.385" level="INFO">POST Response : url=https://api.trello.com/1/cards/?idList=&amp;key=3811a2a5a39fe31676e2c56e24fa7cb7&amp;token=b850222ef62af0713952a88ae9bec671b8b8b3d74dac3e22ed765d9d51083841 
 status=400, reason=Bad Request 
 headers={'Date': 'Wed, 24 Aug 2022 13:08:52 GMT', 'Content-Type': 'text/plain; charset=utf-8', 'Content-Length': '24', 'X-Dns-Prefetch-Control': 'off', 'X-Frame-Options': 'DENY', 'X-Download-Options': 'noopen', 'X-Permitted-Cross-Domain-Policies': 'none', 'Referrer-Policy': 'strict-origin-when-cross-origin', 'Surrogate-Control': 'no-store', 'Cache-Control': 'no-store, no-cache, must-revalidate, proxy-revalidate', 'Pragma': 'no-cache', 'Expires': '0', 'X-Trello-Version': '1.150589.0', 'X-Trello-Environment': 'Production (Micros)', 'Access-Control-Allow-Origin': '*', 'Access-Control-Allow-Methods': 'GET, PUT, POST, DELETE', 'Access-Control-Allow-Headers': 'Authorization, Accept, Content-Type', 'Access-Control-Expose-Headers': 'x-rate-limit-api-key-interval-ms, x-rate-limit-api-key-max, x-rate-limit-api-key-remaining, x-rate-limit-api-token-interval-ms, x-rate-limit-api-token-max, x-rate-limit-api-token-remaining', 'X-Rate-Limit-Api-Token-Interval-Ms': '10000', 'X-Rate-Limit-Api-Token-Max': '100', 'X-Rate-Limit-Api-Token-Remaining': '94', 'X-Rate-Limit-Db-Query-Time-Interval-Ms': '600000', 'X-Rate-Limit-Db-Query-Time-Max': '7200000', 'X-Rate-Limit-Db-Query-Time-Remaining': '7199990', 'X-Rate-Limit-Action-Interval-Ms': '3600000', 'X-Rate-Limit-Action-Max': '15000', 'X-Rate-Limit-Action-Remaining': '14999', 'X-Rate-Limit-Api-Key-Interval-Ms': '10000', 'X-Rate-Limit-Api-Key-Max': '300', 'X-Rate-Limit-Api-Key-Remaining': '294', 'X-Envoy-Upstream-Service-Time': '85', 'Server': 'globaledge-envoy', 'Expect-Ct': 'report-uri="https://web-security-reports.services.atlassian.com/expect-ct-report/trello-edge", max-age=86400', 'Strict-Transport-Security': 'max-age=63072000; preload', 'X-Content-Type-Options': 'nosniff', 'X-Xss-Protection': '1; mode=block', 'Atl-Traceid': '55180048cd595eb7', 'Report-To': '{"group": "endpoint-1", "max_age": 600, "endpoints": [{"url": "https://dz8aopenkvv6s.cloudfront.net"}], "include_subdomains": true}', 'Nel': '{"report_to": "endpoint-1", "max_age": 600, "include_subdomains": true, "failure_fraction": 0.001}'} 
 body=invalid value for idList 
 </msg>
<msg timestamp="20220824 15:08:52.385" level="INFO">C:\Users\matti-esko.pelkola\AppData\Local\Packages\PythonSoftwareFoundation.Python.3.10_qbz5n2kfra8p0\LocalCache\local-packages\Python310\site-packages\urllib3\connectionpool.py:1045: InsecureRequestWarning: Unverified HTTPS request is being made to host 'api.trello.com'. Adding certificate verification is strongly advised. See: https://urllib3.readthedocs.io/en/1.26.x/advanced-usage.html#ssl-warnings
  warnings.warn(</msg>
<msg timestamp="20220824 15:08:52.389" level="FAIL">HTTPError: 400 Client Error: Bad Request for url: https://api.trello.com/1/cards/?idList=&amp;key=3811a2a5a39fe31676e2c56e24fa7cb7&amp;token=b850222ef62af0713952a88ae9bec671b8b8b3d74dac3e22ed765d9d51083841</msg>
<status status="FAIL" starttime="20220824 15:08:52.081" endtime="20220824 15:08:52.389"/>
</kw>
<status status="PASS" starttime="20220824 15:08:52.081" endtime="20220824 15:08:52.390"/>
</kw>
<status status="PASS" starttime="20220824 15:08:52.080" endtime="20220824 15:08:52.391"/>
</kw>
<status status="PASS" starttime="20220824 15:08:52.079" endtime="20220824 15:08:52.391"/>
</test>
<test id="s1-t7" name="Perform NEGATIVE API PUT request" line="27">
<kw name="Unsuccessful PUT API" library="GetRequest">
<kw name="Create Session" library="RequestsLibrary">
<arg>my_session</arg>
<arg>${HOST}</arg>
<doc>Create Session: create a HTTP session to a server</doc>
<msg timestamp="20220824 15:08:52.394" level="INFO">Creating Session using : alias=my_session, url=https://api.trello.com/1/cards/, headers={},                     cookies={}, auth=None, timeout=None, proxies=None, verify=False,                     debug=0 </msg>
<status status="PASS" starttime="20220824 15:08:52.394" endtime="20220824 15:08:52.394"/>
</kw>
<kw name="Create Dictionary" library="BuiltIn">
<var>${HEADERS}</var>
<arg>Accept=application/json</arg>
<arg>charset=utf-8</arg>
<doc>Creates and returns a dictionary based on the given ``items``.</doc>
<msg timestamp="20220824 15:08:52.395" level="INFO">${HEADERS} = {'Accept': 'application/json', 'charset': 'utf-8'}</msg>
<status status="PASS" starttime="20220824 15:08:52.394" endtime="20220824 15:08:52.395"/>
</kw>
<kw name="Run Keyword And Expect Error" library="BuiltIn">
<arg>${PUTERROR}</arg>
<arg>PUT On Session</arg>
<arg>my_session</arg>
<arg>${PUT_FAULT}</arg>
<arg>${HEADERS}</arg>
<doc>Runs the keyword and checks that the expected error occurred.</doc>
<kw name="PUT On Session" library="RequestsLibrary">
<arg>my_session</arg>
<arg>${PUT_FAULT}</arg>
<arg>${HEADERS}</arg>
<doc>Sends a PUT request on a previously created HTTP Session.</doc>
<msg timestamp="20220824 15:08:52.723" level="INFO">PUT Request : url=https://api.trello.com/1/cards/ERROR?name=Korttinimi&amp;key=3811a2a5a39fe31676e2c56e24fa7cb7&amp;token=b850222ef62af0713952a88ae9bec671b8b8b3d74dac3e22ed765d9d51083841 
 path_url=/1/cards/ERROR?name=Korttinimi&amp;key=3811a2a5a39fe31676e2c56e24fa7cb7&amp;token=b850222ef62af0713952a88ae9bec671b8b8b3d74dac3e22ed765d9d51083841 
 headers={'User-Agent': 'python-requests/2.28.1', 'Accept-Encoding': 'gzip, deflate', 'Accept': '*/*', 'Connection': 'keep-alive', 'Content-Length': '39', 'Content-Type': 'application/x-www-form-urlencoded'} 
 body=Accept=application%2Fjson&amp;charset=utf-8 
 </msg>
<msg timestamp="20220824 15:08:52.723" level="INFO">PUT Response : url=https://api.trello.com/1/cards/ERROR?name=Korttinimi&amp;key=3811a2a5a39fe31676e2c56e24fa7cb7&amp;token=b850222ef62af0713952a88ae9bec671b8b8b3d74dac3e22ed765d9d51083841 
 status=400, reason=Bad Request 
 headers={'Date': 'Wed, 24 Aug 2022 13:08:52 GMT', 'Content-Type': 'text/plain; charset=utf-8', 'Content-Length': '10', 'X-Dns-Prefetch-Control': 'off', 'X-Frame-Options': 'DENY', 'X-Download-Options': 'noopen', 'X-Permitted-Cross-Domain-Policies': 'none', 'Referrer-Policy': 'strict-origin-when-cross-origin', 'Surrogate-Control': 'no-store', 'Cache-Control': 'no-store, no-cache, must-revalidate, proxy-revalidate', 'Pragma': 'no-cache', 'Expires': '0', 'X-Trello-Version': '1.150589.0', 'X-Trello-Environment': 'Production (Micros)', 'Access-Control-Allow-Origin': '*', 'Access-Control-Allow-Methods': 'GET, PUT, POST, DELETE', 'Access-Control-Allow-Headers': 'Authorization, Accept, Content-Type', 'Access-Control-Expose-Headers': 'x-rate-limit-api-key-interval-ms, x-rate-limit-api-key-max, x-rate-limit-api-key-remaining, x-rate-limit-api-token-interval-ms, x-rate-limit-api-token-max, x-rate-limit-api-token-remaining', 'X-Rate-Limit-Api-Token-Interval-Ms': '10000', 'X-Rate-Limit-Api-Token-Max': '100', 'X-Rate-Limit-Api-Token-Remaining': '93', 'X-Rate-Limit-Db-Query-Time-Interval-Ms': '600000', 'X-Rate-Limit-Db-Query-Time-Max': '7200000', 'X-Rate-Limit-Db-Query-Time-Remaining': '7199990', 'X-Rate-Limit-Action-Interval-Ms': '3600000', 'X-Rate-Limit-Action-Max': '15000', 'X-Rate-Limit-Action-Remaining': '14999', 'X-Rate-Limit-Api-Key-Interval-Ms': '10000', 'X-Rate-Limit-Api-Key-Max': '300', 'X-Rate-Limit-Api-Key-Remaining': '293', 'X-Envoy-Upstream-Service-Time': '102', 'Server': 'globaledge-envoy', 'Expect-Ct': 'report-uri="https://web-security-reports.services.atlassian.com/expect-ct-report/trello-edge", max-age=86400', 'Strict-Transport-Security': 'max-age=63072000; preload', 'X-Content-Type-Options': 'nosniff', 'X-Xss-Protection': '1; mode=block', 'Atl-Traceid': '5b00170bfc98fcb1', 'Report-To': '{"group": "endpoint-1", "max_age": 600, "endpoints": [{"url": "https://dz8aopenkvv6s.cloudfront.net"}], "include_subdomains": true}', 'Nel': '{"report_to": "endpoint-1", "max_age": 600, "include_subdomains": true, "failure_fraction": 0.001}'} 
 body=invalid id 
 </msg>
<msg timestamp="20220824 15:08:52.723" level="INFO">C:\Users\matti-esko.pelkola\AppData\Local\Packages\PythonSoftwareFoundation.Python.3.10_qbz5n2kfra8p0\LocalCache\local-packages\Python310\site-packages\urllib3\connectionpool.py:1045: InsecureRequestWarning: Unverified HTTPS request is being made to host 'api.trello.com'. Adding certificate verification is strongly advised. See: https://urllib3.readthedocs.io/en/1.26.x/advanced-usage.html#ssl-warnings
  warnings.warn(</msg>
<msg timestamp="20220824 15:08:52.726" level="FAIL">HTTPError: 400 Client Error: Bad Request for url: https://api.trello.com/1/cards/ERROR?name=Korttinimi&amp;key=3811a2a5a39fe31676e2c56e24fa7cb7&amp;token=b850222ef62af0713952a88ae9bec671b8b8b3d74dac3e22ed765d9d51083841</msg>
<status status="FAIL" starttime="20220824 15:08:52.395" endtime="20220824 15:08:52.726"/>
</kw>
<status status="PASS" starttime="20220824 15:08:52.395" endtime="20220824 15:08:52.727"/>
</kw>
<status status="PASS" starttime="20220824 15:08:52.393" endtime="20220824 15:08:52.727"/>
</kw>
<status status="PASS" starttime="20220824 15:08:52.393" endtime="20220824 15:08:52.727"/>
</test>
<test id="s1-t8" name="Perform NEGATIVE API DELETE request" line="30">
<kw name="Unsuccessful DELETE API" library="GetRequest">
<kw name="Create Session" library="RequestsLibrary">
<arg>my_session</arg>
<arg>${HOST}</arg>
<doc>Create Session: create a HTTP session to a server</doc>
<msg timestamp="20220824 15:08:52.731" level="INFO">Creating Session using : alias=my_session, url=https://api.trello.com/1/cards/, headers={},                     cookies={}, auth=None, timeout=None, proxies=None, verify=False,                     debug=0 </msg>
<status status="PASS" starttime="20220824 15:08:52.731" endtime="20220824 15:08:52.731"/>
</kw>
<kw name="Create Dictionary" library="BuiltIn">
<var>${HEADERS}</var>
<arg>Accept=application/json</arg>
<arg>charset=utf-8</arg>
<doc>Creates and returns a dictionary based on the given ``items``.</doc>
<msg timestamp="20220824 15:08:52.732" level="INFO">${HEADERS} = {'Accept': 'application/json', 'charset': 'utf-8'}</msg>
<status status="PASS" starttime="20220824 15:08:52.731" endtime="20220824 15:08:52.732"/>
</kw>
<kw name="Run Keyword And Expect Error" library="BuiltIn">
<arg>${DELETEERROR}</arg>
<arg>DELETE On Session</arg>
<arg>my_session</arg>
<arg>${DELETE_FAULT}</arg>
<doc>Runs the keyword and checks that the expected error occurred.</doc>
<kw name="DELETE On Session" library="RequestsLibrary">
<arg>my_session</arg>
<arg>${DELETE_FAULT}</arg>
<doc>Sends a DELETE request on a previously created HTTP Session.</doc>
<msg timestamp="20220824 15:08:53.005" level="INFO">DELETE Request : url=https://api.trello.com/1/cards/?key=3811a2a5a39fe31676e2c56e24fa7cb7&amp;token=b850222ef62af0713952a88ae9bec671b8b8b3d74dac3e22ed765d9d51083841 
 path_url=/1/cards/?key=3811a2a5a39fe31676e2c56e24fa7cb7&amp;token=b850222ef62af0713952a88ae9bec671b8b8b3d74dac3e22ed765d9d51083841 
 headers={'User-Agent': 'python-requests/2.28.1', 'Accept-Encoding': 'gzip, deflate', 'Accept': '*/*', 'Connection': 'keep-alive', 'Content-Length': '0'} 
 body=None 
 </msg>
<msg timestamp="20220824 15:08:53.005" level="INFO">DELETE Response : url=https://api.trello.com/1/cards/?key=3811a2a5a39fe31676e2c56e24fa7cb7&amp;token=b850222ef62af0713952a88ae9bec671b8b8b3d74dac3e22ed765d9d51083841 
 status=404, reason=Not Found 
 headers={'Date': 'Wed, 24 Aug 2022 13:08:52 GMT', 'Content-Type': 'text/plain; charset=utf-8', 'Content-Length': '131', 'X-Dns-Prefetch-Control': 'off', 'X-Frame-Options': 'DENY', 'X-Download-Options': 'noopen', 'X-Permitted-Cross-Domain-Policies': 'none', 'Referrer-Policy': 'strict-origin-when-cross-origin', 'Surrogate-Control': 'no-store', 'Cache-Control': 'no-store, no-cache, must-revalidate, proxy-revalidate', 'Pragma': 'no-cache', 'Expires': '0', 'X-Trello-Version': '1.150589.0', 'X-Trello-Environment': 'Production (Micros)', 'Access-Control-Allow-Origin': '*', 'Access-Control-Allow-Methods': 'GET, PUT, POST, DELETE', 'Access-Control-Allow-Headers': 'Authorization, Accept, Content-Type', 'Access-Control-Expose-Headers': 'x-rate-limit-api-key-interval-ms, x-rate-limit-api-key-max, x-rate-limit-api-key-remaining, x-rate-limit-api-token-interval-ms, x-rate-limit-api-token-max, x-rate-limit-api-token-remaining', 'X-Envoy-Upstream-Service-Time': '76', 'Server': 'globaledge-envoy', 'Expect-Ct': 'report-uri="https://web-security-reports.services.atlassian.com/expect-ct-report/trello-edge", max-age=86400', 'Strict-Transport-Security': 'max-age=63072000; preload', 'X-Content-Type-Options': 'nosniff', 'X-Xss-Protection': '1; mode=block', 'Atl-Traceid': '15b5445889ca346f', 'Report-To': '{"group": "endpoint-1", "max_age": 600, "endpoints": [{"url": "https://dz8aopenkvv6s.cloudfront.net"}], "include_subdomains": true}', 'Nel': '{"report_to": "endpoint-1", "max_age": 600, "include_subdomains": true, "failure_fraction": 0.001}'} 
 body=Cannot DELETE /1/cards/?key=3811a2a5a39fe31676e2c56e24fa7cb7&amp;token=b850222ef62af0713952a88ae9bec671b8b8b3d74dac3e22ed765d9d51083841 
 </msg>
<msg timestamp="20220824 15:08:53.005" level="INFO">C:\Users\matti-esko.pelkola\AppData\Local\Packages\PythonSoftwareFoundation.Python.3.10_qbz5n2kfra8p0\LocalCache\local-packages\Python310\site-packages\urllib3\connectionpool.py:1045: InsecureRequestWarning: Unverified HTTPS request is being made to host 'api.trello.com'. Adding certificate verification is strongly advised. See: https://urllib3.readthedocs.io/en/1.26.x/advanced-usage.html#ssl-warnings
  warnings.warn(</msg>
<msg timestamp="20220824 15:08:53.005" level="FAIL">HTTPError: 404 Client Error: Not Found for url: https://api.trello.com/1/cards/?key=3811a2a5a39fe31676e2c56e24fa7cb7&amp;token=b850222ef62af0713952a88ae9bec671b8b8b3d74dac3e22ed765d9d51083841</msg>
<status status="FAIL" starttime="20220824 15:08:52.732" endtime="20220824 15:08:53.019"/>
</kw>
<status status="PASS" starttime="20220824 15:08:52.732" endtime="20220824 15:08:53.020"/>
</kw>
<status status="PASS" starttime="20220824 15:08:52.730" endtime="20220824 15:08:53.020"/>
</kw>
<status status="PASS" starttime="20220824 15:08:52.730" endtime="20220824 15:08:53.021"/>
</test>
<status status="PASS" starttime="20220824 15:08:49.557" endtime="20220824 15:08:53.024"/>
</suite>
<statistics>
<total>
<stat pass="8" fail="0" skip="0">All Tests</stat>
</total>
<tag>
</tag>
<suite>
<stat pass="8" fail="0" skip="0" id="s1" name="Test">Test</stat>
</suite>
</statistics>
<errors>
<msg timestamp="20220824 15:08:49.796" level="ERROR">Error in file 'C:\Users\matti-esko.pelkola\OneDrive - Accenture\Desktop\Test_app\Test_assignment\PageObject\Locators\Locators.robot' on line 6: Setting variable '${1}' failed: Environment variable '%{APIKEY}' not found.</msg>
<msg timestamp="20220824 15:08:49.803" level="ERROR">Error in file 'C:\Users\matti-esko.pelkola\OneDrive - Accenture\Desktop\Test_app\Test_assignment\PageObject\Locators\Locators.robot' on line 7: Setting variable '${2}' failed: Environment variable '%{APITOKEN}' not found.</msg>
</errors>
</robot>
